<?xml version="1.0" encoding="UTF-8"?>
<!-- Generated by org.testng.reporters.JUnitReportReporter -->
<testsuite hostname="user-PC" name="practice.Test3" tests="1" failures="0" timestamp="16 Dec 2019 14:16:04 GMT" time="6.003" errors="0">
  <testcase name="bton" time="6.003" classname="practice.Test3"/>
</testsuite> <!-- practice.Test3 -->
