<?xml version="1.0" encoding="UTF-8"?>
<!-- Generated by org.testng.reporters.JUnitReportReporter -->
<testsuite hostname="user-PC" name="practice.Test2" tests="1" failures="0" timestamp="16 Dec 2019 14:16:04 GMT" time="0.000" errors="0">
  <testcase name="create" time="0.000" classname="practice.Test2"/>
</testsuite> <!-- practice.Test2 -->
