<?xml version="1.0" encoding="UTF-8"?>
<!-- Generated by org.testng.reporters.JUnitReportReporter -->
<testsuite hostname="user-PC" name="practice.Test1" tests="1" failures="0" timestamp="25 Dec 2019 02:24:23 GMT" time="5.976" errors="0">
  <testcase name="login" time="5.976" classname="practice.Test1"/>
</testsuite> <!-- practice.Test1 -->
